The system is: Darwin - 16.7.0 - x86_64
Compiling the C compiler identification source file "CMakeCCompilerId.c" succeeded.
Compiler: /usr/local/Cellar/gcc@4.9/4.9.4_1/bin/gcc-4.9 
Build flags: 
Id flags:  

The output was:
0


Compilation of the C compiler identification source "CMakeCCompilerId.c" produced "a.out"

The C compiler identification is GNU, found in "/Users/yangyichuan/Desktop/Parse/cmake-build-debug/CMakeFiles/3.10.2/CompilerIdC/a.out"

Compiling the CXX compiler identification source file "CMakeCXXCompilerId.cpp" succeeded.
Compiler: /usr/local/Cellar/gcc@4.9/4.9.4_1/bin/g++-4.9 
Build flags: 
Id flags:  

The output was:
0


Compilation of the CXX compiler identification source "CMakeCXXCompilerId.cpp" produced "a.out"

The CXX compiler identification is GNU, found in "/Users/yangyichuan/Desktop/Parse/cmake-build-debug/CMakeFiles/3.10.2/CompilerIdCXX/a.out"

Determining if the C compiler works passed with the following output:
Change Dir: /Users/yangyichuan/Desktop/Parse/cmake-build-debug/CMakeFiles/CMakeTmp

Run Build Command:"/usr/bin/make" "cmTC_47c1c/fast"
/Library/Developer/CommandLineTools/usr/bin/make -f CMakeFiles/cmTC_47c1c.dir/build.make CMakeFiles/cmTC_47c1c.dir/build
Building C object CMakeFiles/cmTC_47c1c.dir/testCCompiler.c.o
/usr/local/Cellar/gcc@4.9/4.9.4_1/bin/gcc-4.9    -o CMakeFiles/cmTC_47c1c.dir/testCCompiler.c.o   -c /Users/yangyichuan/Desktop/Parse/cmake-build-debug/CMakeFiles/CMakeTmp/testCCompiler.c
Linking C executable cmTC_47c1c
/Applications/CLion.app/Contents/bin/cmake/bin/cmake -E cmake_link_script CMakeFiles/cmTC_47c1c.dir/link.txt --verbose=1
/usr/local/Cellar/gcc@4.9/4.9.4_1/bin/gcc-4.9   -Wl,-search_paths_first -Wl,-headerpad_max_install_names   CMakeFiles/cmTC_47c1c.dir/testCCompiler.c.o  -o cmTC_47c1c 


Detecting C compiler ABI info compiled with the following output:
Change Dir: /Users/yangyichuan/Desktop/Parse/cmake-build-debug/CMakeFiles/CMakeTmp

Run Build Command:"/usr/bin/make" "cmTC_ec94e/fast"
/Library/Developer/CommandLineTools/usr/bin/make -f CMakeFiles/cmTC_ec94e.dir/build.make CMakeFiles/cmTC_ec94e.dir/build
Building C object CMakeFiles/cmTC_ec94e.dir/CMakeCCompilerABI.c.o
/usr/local/Cellar/gcc@4.9/4.9.4_1/bin/gcc-4.9    -o CMakeFiles/cmTC_ec94e.dir/CMakeCCompilerABI.c.o   -c /Applications/CLion.app/Contents/bin/cmake/share/cmake-3.10/Modules/CMakeCCompilerABI.c
Linking C executable cmTC_ec94e
/Applications/CLion.app/Contents/bin/cmake/bin/cmake -E cmake_link_script CMakeFiles/cmTC_ec94e.dir/link.txt --verbose=1
/usr/local/Cellar/gcc@4.9/4.9.4_1/bin/gcc-4.9   -Wl,-search_paths_first -Wl,-headerpad_max_install_names  -v -Wl,-v CMakeFiles/cmTC_ec94e.dir/CMakeCCompilerABI.c.o  -o cmTC_ec94e 
Using built-in specs.
COLLECT_GCC=/usr/local/Cellar/gcc@4.9/4.9.4_1/bin/gcc-4.9
COLLECT_LTO_WRAPPER=/usr/local/Cellar/gcc@4.9/4.9.4_1/libexec/gcc/x86_64-apple-darwin16.7.0/4.9.4/lto-wrapper
Target: x86_64-apple-darwin16.7.0
Configured with: ../configure --build=x86_64-apple-darwin16.7.0 --prefix=/usr/local/Cellar/gcc@4.9/4.9.4_1 --libdir=/usr/local/Cellar/gcc@4.9/4.9.4_1/lib/gcc/4.9 --enable-languages=c,c++,fortran,java,objc,obj-c++ --program-suffix=-4.9 --with-system-zlib --enable-libstdcxx-time=yes --enable-stage1-checking --enable-checking=release --enable-lto --enable-plugin --with-build-config=bootstrap-debug --disable-werror --with-pkgversion='Homebrew GCC 4.9.4_1 --with-all-languages' --with-bugurl=https://github.com/Homebrew/homebrew-core/issues MAKEINFO=missing --disable-nls --with-ecj-jar=/usr/local/opt/ecj/share/java/ecj.jar --enable-multilib
Thread model: posix
gcc version 4.9.4 (Homebrew GCC 4.9.4_1 --with-all-languages) 
COMPILER_PATH=/usr/local/Cellar/gcc@4.9/4.9.4_1/libexec/gcc/x86_64-apple-darwin16.7.0/4.9.4/:/usr/local/Cellar/gcc@4.9/4.9.4_1/libexec/gcc/x86_64-apple-darwin16.7.0/4.9.4/:/usr/local/Cellar/gcc@4.9/4.9.4_1/libexec/gcc/x86_64-apple-darwin16.7.0/:/usr/local/Cellar/gcc@4.9/4.9.4_1/lib/gcc/4.9/gcc/x86_64-apple-darwin16.7.0/4.9.4/:/usr/local/Cellar/gcc@4.9/4.9.4_1/lib/gcc/4.9/gcc/x86_64-apple-darwin16.7.0/
LIBRARY_PATH=/usr/local/Cellar/gcc@4.9/4.9.4_1/lib/gcc/4.9/gcc/x86_64-apple-darwin16.7.0/4.9.4/:/usr/local/Cellar/gcc@4.9/4.9.4_1/lib/gcc/4.9/gcc/x86_64-apple-darwin16.7.0/4.9.4/../../../:/usr/lib/
COLLECT_GCC_OPTIONS='-mmacosx-version-min=10.12.7' '-v' '-o' 'cmTC_ec94e' '-mtune=core2'
 /usr/local/Cellar/gcc@4.9/4.9.4_1/libexec/gcc/x86_64-apple-darwin16.7.0/4.9.4/collect2 -dynamic -arch x86_64 -macosx_version_min 10.12.7 -weak_reference_mismatches non-weak -o cmTC_ec94e -L/usr/local/Cellar/gcc@4.9/4.9.4_1/lib/gcc/4.9/gcc/x86_64-apple-darwin16.7.0/4.9.4 -L/usr/local/Cellar/gcc@4.9/4.9.4_1/lib/gcc/4.9/gcc/x86_64-apple-darwin16.7.0/4.9.4/../../.. -search_paths_first -headerpad_max_install_names -v CMakeFiles/cmTC_ec94e.dir/CMakeCCompilerABI.c.o -no_compact_unwind -lSystem -lgcc_ext.10.5 -lgcc -lSystem -v
collect2 version 4.9.4
/usr/bin/ld -dynamic -arch x86_64 -macosx_version_min 10.12.7 -weak_reference_mismatches non-weak -o cmTC_ec94e -L/usr/local/Cellar/gcc@4.9/4.9.4_1/lib/gcc/4.9/gcc/x86_64-apple-darwin16.7.0/4.9.4 -L/usr/local/Cellar/gcc@4.9/4.9.4_1/lib/gcc/4.9/gcc/x86_64-apple-darwin16.7.0/4.9.4/../../.. -search_paths_first -headerpad_max_install_names -v CMakeFiles/cmTC_ec94e.dir/CMakeCCompilerABI.c.o -no_compact_unwind -lSystem -lgcc_ext.10.5 -lgcc -lSystem -v
@(#)PROGRAM:ld  PROJECT:ld64-305
configured to support archs: armv6 armv7 armv7s arm64 i386 x86_64 x86_64h armv6m armv7k armv7m armv7em (tvOS)
@(#)PROGRAM:ld  PROJECT:ld64-305
configured to support archs: armv6 armv7 armv7s arm64 i386 x86_64 x86_64h armv6m armv7k armv7m armv7em (tvOS)
Library search paths:
	/usr/local/Cellar/gcc@4.9/4.9.4_1/lib/gcc/4.9/gcc/x86_64-apple-darwin16.7.0/4.9.4
	/usr/local/Cellar/gcc@4.9/4.9.4_1/lib/gcc/4.9
	/usr/lib
	/usr/local/lib
Framework search paths:
	/Library/Frameworks/
	/System/Library/Frameworks/
 /usr/bin/nm -n CMakeFiles/cmTC_ec94e.dir/CMakeCCompilerABI.c.o


Parsed C implicit link information from above output:
  link line regex: [^( *|.*[/\])(ld|CMAKE_LINK_STARTFILE-NOTFOUND|([^/\]+-)?ld|collect2)[^/\]*( |$)]
  ignore line: [Change Dir: /Users/yangyichuan/Desktop/Parse/cmake-build-debug/CMakeFiles/CMakeTmp]
  ignore line: []
  ignore line: [Run Build Command:"/usr/bin/make" "cmTC_ec94e/fast"]
  ignore line: [/Library/Developer/CommandLineTools/usr/bin/make -f CMakeFiles/cmTC_ec94e.dir/build.make CMakeFiles/cmTC_ec94e.dir/build]
  ignore line: [Building C object CMakeFiles/cmTC_ec94e.dir/CMakeCCompilerABI.c.o]
  ignore line: [/usr/local/Cellar/gcc@4.9/4.9.4_1/bin/gcc-4.9    -o CMakeFiles/cmTC_ec94e.dir/CMakeCCompilerABI.c.o   -c /Applications/CLion.app/Contents/bin/cmake/share/cmake-3.10/Modules/CMakeCCompilerABI.c]
  ignore line: [Linking C executable cmTC_ec94e]
  ignore line: [/Applications/CLion.app/Contents/bin/cmake/bin/cmake -E cmake_link_script CMakeFiles/cmTC_ec94e.dir/link.txt --verbose=1]
  ignore line: [/usr/local/Cellar/gcc@4.9/4.9.4_1/bin/gcc-4.9   -Wl,-search_paths_first -Wl,-headerpad_max_install_names  -v -Wl,-v CMakeFiles/cmTC_ec94e.dir/CMakeCCompilerABI.c.o  -o cmTC_ec94e ]
  ignore line: [Using built-in specs.]
  ignore line: [COLLECT_GCC=/usr/local/Cellar/gcc@4.9/4.9.4_1/bin/gcc-4.9]
  ignore line: [COLLECT_LTO_WRAPPER=/usr/local/Cellar/gcc@4.9/4.9.4_1/libexec/gcc/x86_64-apple-darwin16.7.0/4.9.4/lto-wrapper]
  ignore line: [Target: x86_64-apple-darwin16.7.0]
  ignore line: [Configured with: ../configure --build=x86_64-apple-darwin16.7.0 --prefix=/usr/local/Cellar/gcc@4.9/4.9.4_1 --libdir=/usr/local/Cellar/gcc@4.9/4.9.4_1/lib/gcc/4.9 --enable-languages=c,c++,fortran,java,objc,obj-c++ --program-suffix=-4.9 --with-system-zlib --enable-libstdcxx-time=yes --enable-stage1-checking --enable-checking=release --enable-lto --enable-plugin --with-build-config=bootstrap-debug --disable-werror --with-pkgversion='Homebrew GCC 4.9.4_1 --with-all-languages' --with-bugurl=https://github.com/Homebrew/homebrew-core/issues MAKEINFO=missing --disable-nls --with-ecj-jar=/usr/local/opt/ecj/share/java/ecj.jar --enable-multilib]
  ignore line: [Thread model: posix]
  ignore line: [gcc version 4.9.4 (Homebrew GCC 4.9.4_1 --with-all-languages) ]
  ignore line: [COMPILER_PATH=/usr/local/Cellar/gcc@4.9/4.9.4_1/libexec/gcc/x86_64-apple-darwin16.7.0/4.9.4/:/usr/local/Cellar/gcc@4.9/4.9.4_1/libexec/gcc/x86_64-apple-darwin16.7.0/4.9.4/:/usr/local/Cellar/gcc@4.9/4.9.4_1/libexec/gcc/x86_64-apple-darwin16.7.0/:/usr/local/Cellar/gcc@4.9/4.9.4_1/lib/gcc/4.9/gcc/x86_64-apple-darwin16.7.0/4.9.4/:/usr/local/Cellar/gcc@4.9/4.9.4_1/lib/gcc/4.9/gcc/x86_64-apple-darwin16.7.0/]
  ignore line: [LIBRARY_PATH=/usr/local/Cellar/gcc@4.9/4.9.4_1/lib/gcc/4.9/gcc/x86_64-apple-darwin16.7.0/4.9.4/:/usr/local/Cellar/gcc@4.9/4.9.4_1/lib/gcc/4.9/gcc/x86_64-apple-darwin16.7.0/4.9.4/../../../:/usr/lib/]
  ignore line: [COLLECT_GCC_OPTIONS='-mmacosx-version-min=10.12.7' '-v' '-o' 'cmTC_ec94e' '-mtune=core2']
  link line: [ /usr/local/Cellar/gcc@4.9/4.9.4_1/libexec/gcc/x86_64-apple-darwin16.7.0/4.9.4/collect2 -dynamic -arch x86_64 -macosx_version_min 10.12.7 -weak_reference_mismatches non-weak -o cmTC_ec94e -L/usr/local/Cellar/gcc@4.9/4.9.4_1/lib/gcc/4.9/gcc/x86_64-apple-darwin16.7.0/4.9.4 -L/usr/local/Cellar/gcc@4.9/4.9.4_1/lib/gcc/4.9/gcc/x86_64-apple-darwin16.7.0/4.9.4/../../.. -search_paths_first -headerpad_max_install_names -v CMakeFiles/cmTC_ec94e.dir/CMakeCCompilerABI.c.o -no_compact_unwind -lSystem -lgcc_ext.10.5 -lgcc -lSystem -v]
    arg [/usr/local/Cellar/gcc@4.9/4.9.4_1/libexec/gcc/x86_64-apple-darwin16.7.0/4.9.4/collect2] ==> ignore
    arg [-dynamic] ==> ignore
    arg [-arch] ==> ignore
    arg [x86_64] ==> ignore
    arg [-macosx_version_min] ==> ignore
    arg [10.12.7] ==> ignore
    arg [-weak_reference_mismatches] ==> ignore
    arg [non-weak] ==> ignore
    arg [-o] ==> ignore
    arg [cmTC_ec94e] ==> ignore
    arg [-L/usr/local/Cellar/gcc@4.9/4.9.4_1/lib/gcc/4.9/gcc/x86_64-apple-darwin16.7.0/4.9.4] ==> dir [/usr/local/Cellar/gcc@4.9/4.9.4_1/lib/gcc/4.9/gcc/x86_64-apple-darwin16.7.0/4.9.4]
    arg [-L/usr/local/Cellar/gcc@4.9/4.9.4_1/lib/gcc/4.9/gcc/x86_64-apple-darwin16.7.0/4.9.4/../../..] ==> dir [/usr/local/Cellar/gcc@4.9/4.9.4_1/lib/gcc/4.9/gcc/x86_64-apple-darwin16.7.0/4.9.4/../../..]
    arg [-search_paths_first] ==> ignore
    arg [-headerpad_max_install_names] ==> ignore
    arg [-v] ==> ignore
    arg [CMakeFiles/cmTC_ec94e.dir/CMakeCCompilerABI.c.o] ==> ignore
    arg [-no_compact_unwind] ==> ignore
    arg [-lSystem] ==> lib [System]
    arg [-lgcc_ext.10.5] ==> lib [gcc_ext.10.5]
    arg [-lgcc] ==> lib [gcc]
    arg [-lSystem] ==> lib [System]
    arg [-v] ==> ignore
  Library search paths: [;/usr/local/Cellar/gcc@4.9/4.9.4_1/lib/gcc/4.9/gcc/x86_64-apple-darwin16.7.0/4.9.4;/usr/local/Cellar/gcc@4.9/4.9.4_1/lib/gcc/4.9;/usr/lib;/usr/local/lib]
  Framework search paths: [;/Library/Frameworks/;/System/Library/Frameworks/]
  remove lib [System]
  remove lib [System]
  collapse library dir [/usr/local/Cellar/gcc@4.9/4.9.4_1/lib/gcc/4.9/gcc/x86_64-apple-darwin16.7.0/4.9.4] ==> [/usr/local/Cellar/gcc@4.9/4.9.4_1/lib/gcc/4.9/gcc/x86_64-apple-darwin16.7.0/4.9.4]
  collapse library dir [/usr/local/Cellar/gcc@4.9/4.9.4_1/lib/gcc/4.9/gcc/x86_64-apple-darwin16.7.0/4.9.4/../../..] ==> [/usr/local/Cellar/gcc@4.9/4.9.4_1/lib/gcc/4.9]
  collapse library dir [/usr/local/Cellar/gcc@4.9/4.9.4_1/lib/gcc/4.9/gcc/x86_64-apple-darwin16.7.0/4.9.4] ==> [/usr/local/Cellar/gcc@4.9/4.9.4_1/lib/gcc/4.9/gcc/x86_64-apple-darwin16.7.0/4.9.4]
  collapse library dir [/usr/local/Cellar/gcc@4.9/4.9.4_1/lib/gcc/4.9] ==> [/usr/local/Cellar/gcc@4.9/4.9.4_1/lib/gcc/4.9]
  collapse library dir [/usr/lib] ==> [/usr/lib]
  collapse library dir [/usr/local/lib] ==> [/usr/local/lib]
  collapse framework dir [/Library/Frameworks/] ==> [/Library/Frameworks]
  collapse framework dir [/System/Library/Frameworks/] ==> [/System/Library/Frameworks]
  implicit libs: [gcc_ext.10.5;gcc]
  implicit dirs: [/usr/local/Cellar/gcc@4.9/4.9.4_1/lib/gcc/4.9/gcc/x86_64-apple-darwin16.7.0/4.9.4;/usr/local/Cellar/gcc@4.9/4.9.4_1/lib/gcc/4.9;/usr/lib;/usr/local/lib]
  implicit fwks: [/Library/Frameworks;/System/Library/Frameworks]




Detecting C [-std=c11] compiler features compiled with the following output:
Change Dir: /Users/yangyichuan/Desktop/Parse/cmake-build-debug/CMakeFiles/CMakeTmp

Run Build Command:"/usr/bin/make" "cmTC_47b74/fast"
/Library/Developer/CommandLineTools/usr/bin/make -f CMakeFiles/cmTC_47b74.dir/build.make CMakeFiles/cmTC_47b74.dir/build
Building C object CMakeFiles/cmTC_47b74.dir/feature_tests.c.o
/usr/local/Cellar/gcc@4.9/4.9.4_1/bin/gcc-4.9   -std=c11 -o CMakeFiles/cmTC_47b74.dir/feature_tests.c.o   -c /Users/yangyichuan/Desktop/Parse/cmake-build-debug/CMakeFiles/feature_tests.c
Linking C executable cmTC_47b74
/Applications/CLion.app/Contents/bin/cmake/bin/cmake -E cmake_link_script CMakeFiles/cmTC_47b74.dir/link.txt --verbose=1
/usr/local/Cellar/gcc@4.9/4.9.4_1/bin/gcc-4.9   -Wl,-search_paths_first -Wl,-headerpad_max_install_names   CMakeFiles/cmTC_47b74.dir/feature_tests.c.o  -o cmTC_47b74 


    Feature record: C_FEATURE:1c_function_prototypes
    Feature record: C_FEATURE:1c_restrict
    Feature record: C_FEATURE:1c_static_assert
    Feature record: C_FEATURE:1c_variadic_macros


Detecting C [-std=c99] compiler features compiled with the following output:
Change Dir: /Users/yangyichuan/Desktop/Parse/cmake-build-debug/CMakeFiles/CMakeTmp

Run Build Command:"/usr/bin/make" "cmTC_6f3ea/fast"
/Library/Developer/CommandLineTools/usr/bin/make -f CMakeFiles/cmTC_6f3ea.dir/build.make CMakeFiles/cmTC_6f3ea.dir/build
Building C object CMakeFiles/cmTC_6f3ea.dir/feature_tests.c.o
/usr/local/Cellar/gcc@4.9/4.9.4_1/bin/gcc-4.9   -std=c99 -o CMakeFiles/cmTC_6f3ea.dir/feature_tests.c.o   -c /Users/yangyichuan/Desktop/Parse/cmake-build-debug/CMakeFiles/feature_tests.c
Linking C executable cmTC_6f3ea
/Applications/CLion.app/Contents/bin/cmake/bin/cmake -E cmake_link_script CMakeFiles/cmTC_6f3ea.dir/link.txt --verbose=1
/usr/local/Cellar/gcc@4.9/4.9.4_1/bin/gcc-4.9   -Wl,-search_paths_first -Wl,-headerpad_max_install_names   CMakeFiles/cmTC_6f3ea.dir/feature_tests.c.o  -o cmTC_6f3ea 


    Feature record: C_FEATURE:1c_function_prototypes
    Feature record: C_FEATURE:1c_restrict
    Feature record: C_FEATURE:0c_static_assert
    Feature record: C_FEATURE:1c_variadic_macros


Detecting C [-std=c90] compiler features compiled with the following output:
Change Dir: /Users/yangyichuan/Desktop/Parse/cmake-build-debug/CMakeFiles/CMakeTmp

Run Build Command:"/usr/bin/make" "cmTC_49df6/fast"
/Library/Developer/CommandLineTools/usr/bin/make -f CMakeFiles/cmTC_49df6.dir/build.make CMakeFiles/cmTC_49df6.dir/build
Building C object CMakeFiles/cmTC_49df6.dir/feature_tests.c.o
/usr/local/Cellar/gcc@4.9/4.9.4_1/bin/gcc-4.9   -std=c90 -o CMakeFiles/cmTC_49df6.dir/feature_tests.c.o   -c /Users/yangyichuan/Desktop/Parse/cmake-build-debug/CMakeFiles/feature_tests.c
Linking C executable cmTC_49df6
/Applications/CLion.app/Contents/bin/cmake/bin/cmake -E cmake_link_script CMakeFiles/cmTC_49df6.dir/link.txt --verbose=1
/usr/local/Cellar/gcc@4.9/4.9.4_1/bin/gcc-4.9   -Wl,-search_paths_first -Wl,-headerpad_max_install_names   CMakeFiles/cmTC_49df6.dir/feature_tests.c.o  -o cmTC_49df6 


    Feature record: C_FEATURE:1c_function_prototypes
    Feature record: C_FEATURE:0c_restrict
    Feature record: C_FEATURE:0c_static_assert
    Feature record: C_FEATURE:0c_variadic_macros
Determining if the CXX compiler works passed with the following output:
Change Dir: /Users/yangyichuan/Desktop/Parse/cmake-build-debug/CMakeFiles/CMakeTmp

Run Build Command:"/usr/bin/make" "cmTC_281ab/fast"
/Library/Developer/CommandLineTools/usr/bin/make -f CMakeFiles/cmTC_281ab.dir/build.make CMakeFiles/cmTC_281ab.dir/build
Building CXX object CMakeFiles/cmTC_281ab.dir/testCXXCompiler.cxx.o
/usr/local/Cellar/gcc@4.9/4.9.4_1/bin/g++-4.9     -o CMakeFiles/cmTC_281ab.dir/testCXXCompiler.cxx.o -c /Users/yangyichuan/Desktop/Parse/cmake-build-debug/CMakeFiles/CMakeTmp/testCXXCompiler.cxx
Linking CXX executable cmTC_281ab
/Applications/CLion.app/Contents/bin/cmake/bin/cmake -E cmake_link_script CMakeFiles/cmTC_281ab.dir/link.txt --verbose=1
/usr/local/Cellar/gcc@4.9/4.9.4_1/bin/g++-4.9    -Wl,-search_paths_first -Wl,-headerpad_max_install_names   CMakeFiles/cmTC_281ab.dir/testCXXCompiler.cxx.o  -o cmTC_281ab 


Detecting CXX compiler ABI info compiled with the following output:
Change Dir: /Users/yangyichuan/Desktop/Parse/cmake-build-debug/CMakeFiles/CMakeTmp

Run Build Command:"/usr/bin/make" "cmTC_46bbc/fast"
/Library/Developer/CommandLineTools/usr/bin/make -f CMakeFiles/cmTC_46bbc.dir/build.make CMakeFiles/cmTC_46bbc.dir/build
Building CXX object CMakeFiles/cmTC_46bbc.dir/CMakeCXXCompilerABI.cpp.o
/usr/local/Cellar/gcc@4.9/4.9.4_1/bin/g++-4.9     -o CMakeFiles/cmTC_46bbc.dir/CMakeCXXCompilerABI.cpp.o -c /Applications/CLion.app/Contents/bin/cmake/share/cmake-3.10/Modules/CMakeCXXCompilerABI.cpp
Linking CXX executable cmTC_46bbc
/Applications/CLion.app/Contents/bin/cmake/bin/cmake -E cmake_link_script CMakeFiles/cmTC_46bbc.dir/link.txt --verbose=1
/usr/local/Cellar/gcc@4.9/4.9.4_1/bin/g++-4.9    -Wl,-search_paths_first -Wl,-headerpad_max_install_names  -v -Wl,-v CMakeFiles/cmTC_46bbc.dir/CMakeCXXCompilerABI.cpp.o  -o cmTC_46bbc 
Using built-in specs.
COLLECT_GCC=/usr/local/Cellar/gcc@4.9/4.9.4_1/bin/g++-4.9
COLLECT_LTO_WRAPPER=/usr/local/Cellar/gcc@4.9/4.9.4_1/libexec/gcc/x86_64-apple-darwin16.7.0/4.9.4/lto-wrapper
Target: x86_64-apple-darwin16.7.0
Configured with: ../configure --build=x86_64-apple-darwin16.7.0 --prefix=/usr/local/Cellar/gcc@4.9/4.9.4_1 --libdir=/usr/local/Cellar/gcc@4.9/4.9.4_1/lib/gcc/4.9 --enable-languages=c,c++,fortran,java,objc,obj-c++ --program-suffix=-4.9 --with-system-zlib --enable-libstdcxx-time=yes --enable-stage1-checking --enable-checking=release --enable-lto --enable-plugin --with-build-config=bootstrap-debug --disable-werror --with-pkgversion='Homebrew GCC 4.9.4_1 --with-all-languages' --with-bugurl=https://github.com/Homebrew/homebrew-core/issues MAKEINFO=missing --disable-nls --with-ecj-jar=/usr/local/opt/ecj/share/java/ecj.jar --enable-multilib
Thread model: posix
gcc version 4.9.4 (Homebrew GCC 4.9.4_1 --with-all-languages) 
COMPILER_PATH=/usr/local/Cellar/gcc@4.9/4.9.4_1/libexec/gcc/x86_64-apple-darwin16.7.0/4.9.4/:/usr/local/Cellar/gcc@4.9/4.9.4_1/libexec/gcc/x86_64-apple-darwin16.7.0/4.9.4/:/usr/local/Cellar/gcc@4.9/4.9.4_1/libexec/gcc/x86_64-apple-darwin16.7.0/:/usr/local/Cellar/gcc@4.9/4.9.4_1/lib/gcc/4.9/gcc/x86_64-apple-darwin16.7.0/4.9.4/:/usr/local/Cellar/gcc@4.9/4.9.4_1/lib/gcc/4.9/gcc/x86_64-apple-darwin16.7.0/
LIBRARY_PATH=/usr/local/Cellar/gcc@4.9/4.9.4_1/lib/gcc/4.9/gcc/x86_64-apple-darwin16.7.0/4.9.4/:/usr/local/Cellar/gcc@4.9/4.9.4_1/lib/gcc/4.9/gcc/x86_64-apple-darwin16.7.0/4.9.4/../../../:/usr/lib/
COLLECT_GCC_OPTIONS='-mmacosx-version-min=10.12.7' '-v' '-o' 'cmTC_46bbc' '-shared-libgcc' '-mtune=core2'
 /usr/local/Cellar/gcc@4.9/4.9.4_1/libexec/gcc/x86_64-apple-darwin16.7.0/4.9.4/collect2 -dynamic -arch x86_64 -macosx_version_min 10.12.7 -weak_reference_mismatches non-weak -o cmTC_46bbc -L/usr/local/Cellar/gcc@4.9/4.9.4_1/lib/gcc/4.9/gcc/x86_64-apple-darwin16.7.0/4.9.4 -L/usr/local/Cellar/gcc@4.9/4.9.4_1/lib/gcc/4.9/gcc/x86_64-apple-darwin16.7.0/4.9.4/../../.. -search_paths_first -headerpad_max_install_names -v CMakeFiles/cmTC_46bbc.dir/CMakeCXXCompilerABI.cpp.o -lstdc++ -no_compact_unwind -lSystem -lgcc_ext.10.5 -lgcc -lSystem -v
collect2 version 4.9.4
/usr/bin/ld -dynamic -arch x86_64 -macosx_version_min 10.12.7 -weak_reference_mismatches non-weak -o cmTC_46bbc -L/usr/local/Cellar/gcc@4.9/4.9.4_1/lib/gcc/4.9/gcc/x86_64-apple-darwin16.7.0/4.9.4 -L/usr/local/Cellar/gcc@4.9/4.9.4_1/lib/gcc/4.9/gcc/x86_64-apple-darwin16.7.0/4.9.4/../../.. -search_paths_first -headerpad_max_install_names -v CMakeFiles/cmTC_46bbc.dir/CMakeCXXCompilerABI.cpp.o -lstdc++ -no_compact_unwind -lSystem -lgcc_ext.10.5 -lgcc -lSystem -v
@(#)PROGRAM:ld  PROJECT:ld64-305
configured to support archs: armv6 armv7 armv7s arm64 i386 x86_64 x86_64h armv6m armv7k armv7m armv7em (tvOS)
@(#)PROGRAM:ld  PROJECT:ld64-305
configured to support archs: armv6 armv7 armv7s arm64 i386 x86_64 x86_64h armv6m armv7k armv7m armv7em (tvOS)
Library search paths:
	/usr/local/Cellar/gcc@4.9/4.9.4_1/lib/gcc/4.9/gcc/x86_64-apple-darwin16.7.0/4.9.4
	/usr/local/Cellar/gcc@4.9/4.9.4_1/lib/gcc/4.9
	/usr/lib
	/usr/local/lib
Framework search paths:
	/Library/Frameworks/
	/System/Library/Frameworks/
 /usr/bin/nm -n CMakeFiles/cmTC_46bbc.dir/CMakeCXXCompilerABI.cpp.o


Parsed CXX implicit link information from above output:
  link line regex: [^( *|.*[/\])(ld|CMAKE_LINK_STARTFILE-NOTFOUND|([^/\]+-)?ld|collect2)[^/\]*( |$)]
  ignore line: [Change Dir: /Users/yangyichuan/Desktop/Parse/cmake-build-debug/CMakeFiles/CMakeTmp]
  ignore line: []
  ignore line: [Run Build Command:"/usr/bin/make" "cmTC_46bbc/fast"]
  ignore line: [/Library/Developer/CommandLineTools/usr/bin/make -f CMakeFiles/cmTC_46bbc.dir/build.make CMakeFiles/cmTC_46bbc.dir/build]
  ignore line: [Building CXX object CMakeFiles/cmTC_46bbc.dir/CMakeCXXCompilerABI.cpp.o]
  ignore line: [/usr/local/Cellar/gcc@4.9/4.9.4_1/bin/g++-4.9     -o CMakeFiles/cmTC_46bbc.dir/CMakeCXXCompilerABI.cpp.o -c /Applications/CLion.app/Contents/bin/cmake/share/cmake-3.10/Modules/CMakeCXXCompilerABI.cpp]
  ignore line: [Linking CXX executable cmTC_46bbc]
  ignore line: [/Applications/CLion.app/Contents/bin/cmake/bin/cmake -E cmake_link_script CMakeFiles/cmTC_46bbc.dir/link.txt --verbose=1]
  ignore line: [/usr/local/Cellar/gcc@4.9/4.9.4_1/bin/g++-4.9    -Wl,-search_paths_first -Wl,-headerpad_max_install_names  -v -Wl,-v CMakeFiles/cmTC_46bbc.dir/CMakeCXXCompilerABI.cpp.o  -o cmTC_46bbc ]
  ignore line: [Using built-in specs.]
  ignore line: [COLLECT_GCC=/usr/local/Cellar/gcc@4.9/4.9.4_1/bin/g++-4.9]
  ignore line: [COLLECT_LTO_WRAPPER=/usr/local/Cellar/gcc@4.9/4.9.4_1/libexec/gcc/x86_64-apple-darwin16.7.0/4.9.4/lto-wrapper]
  ignore line: [Target: x86_64-apple-darwin16.7.0]
  ignore line: [Configured with: ../configure --build=x86_64-apple-darwin16.7.0 --prefix=/usr/local/Cellar/gcc@4.9/4.9.4_1 --libdir=/usr/local/Cellar/gcc@4.9/4.9.4_1/lib/gcc/4.9 --enable-languages=c,c++,fortran,java,objc,obj-c++ --program-suffix=-4.9 --with-system-zlib --enable-libstdcxx-time=yes --enable-stage1-checking --enable-checking=release --enable-lto --enable-plugin --with-build-config=bootstrap-debug --disable-werror --with-pkgversion='Homebrew GCC 4.9.4_1 --with-all-languages' --with-bugurl=https://github.com/Homebrew/homebrew-core/issues MAKEINFO=missing --disable-nls --with-ecj-jar=/usr/local/opt/ecj/share/java/ecj.jar --enable-multilib]
  ignore line: [Thread model: posix]
  ignore line: [gcc version 4.9.4 (Homebrew GCC 4.9.4_1 --with-all-languages) ]
  ignore line: [COMPILER_PATH=/usr/local/Cellar/gcc@4.9/4.9.4_1/libexec/gcc/x86_64-apple-darwin16.7.0/4.9.4/:/usr/local/Cellar/gcc@4.9/4.9.4_1/libexec/gcc/x86_64-apple-darwin16.7.0/4.9.4/:/usr/local/Cellar/gcc@4.9/4.9.4_1/libexec/gcc/x86_64-apple-darwin16.7.0/:/usr/local/Cellar/gcc@4.9/4.9.4_1/lib/gcc/4.9/gcc/x86_64-apple-darwin16.7.0/4.9.4/:/usr/local/Cellar/gcc@4.9/4.9.4_1/lib/gcc/4.9/gcc/x86_64-apple-darwin16.7.0/]
  ignore line: [LIBRARY_PATH=/usr/local/Cellar/gcc@4.9/4.9.4_1/lib/gcc/4.9/gcc/x86_64-apple-darwin16.7.0/4.9.4/:/usr/local/Cellar/gcc@4.9/4.9.4_1/lib/gcc/4.9/gcc/x86_64-apple-darwin16.7.0/4.9.4/../../../:/usr/lib/]
  ignore line: [COLLECT_GCC_OPTIONS='-mmacosx-version-min=10.12.7' '-v' '-o' 'cmTC_46bbc' '-shared-libgcc' '-mtune=core2']
  link line: [ /usr/local/Cellar/gcc@4.9/4.9.4_1/libexec/gcc/x86_64-apple-darwin16.7.0/4.9.4/collect2 -dynamic -arch x86_64 -macosx_version_min 10.12.7 -weak_reference_mismatches non-weak -o cmTC_46bbc -L/usr/local/Cellar/gcc@4.9/4.9.4_1/lib/gcc/4.9/gcc/x86_64-apple-darwin16.7.0/4.9.4 -L/usr/local/Cellar/gcc@4.9/4.9.4_1/lib/gcc/4.9/gcc/x86_64-apple-darwin16.7.0/4.9.4/../../.. -search_paths_first -headerpad_max_install_names -v CMakeFiles/cmTC_46bbc.dir/CMakeCXXCompilerABI.cpp.o -lstdc++ -no_compact_unwind -lSystem -lgcc_ext.10.5 -lgcc -lSystem -v]
    arg [/usr/local/Cellar/gcc@4.9/4.9.4_1/libexec/gcc/x86_64-apple-darwin16.7.0/4.9.4/collect2] ==> ignore
    arg [-dynamic] ==> ignore
    arg [-arch] ==> ignore
    arg [x86_64] ==> ignore
    arg [-macosx_version_min] ==> ignore
    arg [10.12.7] ==> ignore
    arg [-weak_reference_mismatches] ==> ignore
    arg [non-weak] ==> ignore
    arg [-o] ==> ignore
    arg [cmTC_46bbc] ==> ignore
    arg [-L/usr/local/Cellar/gcc@4.9/4.9.4_1/lib/gcc/4.9/gcc/x86_64-apple-darwin16.7.0/4.9.4] ==> dir [/usr/local/Cellar/gcc@4.9/4.9.4_1/lib/gcc/4.9/gcc/x86_64-apple-darwin16.7.0/4.9.4]
    arg [-L/usr/local/Cellar/gcc@4.9/4.9.4_1/lib/gcc/4.9/gcc/x86_64-apple-darwin16.7.0/4.9.4/../../..] ==> dir [/usr/local/Cellar/gcc@4.9/4.9.4_1/lib/gcc/4.9/gcc/x86_64-apple-darwin16.7.0/4.9.4/../../..]
    arg [-search_paths_first] ==> ignore
    arg [-headerpad_max_install_names] ==> ignore
    arg [-v] ==> ignore
    arg [CMakeFiles/cmTC_46bbc.dir/CMakeCXXCompilerABI.cpp.o] ==> ignore
    arg [-lstdc++] ==> lib [stdc++]
    arg [-no_compact_unwind] ==> ignore
    arg [-lSystem] ==> lib [System]
    arg [-lgcc_ext.10.5] ==> lib [gcc_ext.10.5]
    arg [-lgcc] ==> lib [gcc]
    arg [-lSystem] ==> lib [System]
    arg [-v] ==> ignore
  Library search paths: [;/usr/local/Cellar/gcc@4.9/4.9.4_1/lib/gcc/4.9/gcc/x86_64-apple-darwin16.7.0/4.9.4;/usr/local/Cellar/gcc@4.9/4.9.4_1/lib/gcc/4.9;/usr/lib;/usr/local/lib]
  Framework search paths: [;/Library/Frameworks/;/System/Library/Frameworks/]
  remove lib [System]
  remove lib [System]
  collapse library dir [/usr/local/Cellar/gcc@4.9/4.9.4_1/lib/gcc/4.9/gcc/x86_64-apple-darwin16.7.0/4.9.4] ==> [/usr/local/Cellar/gcc@4.9/4.9.4_1/lib/gcc/4.9/gcc/x86_64-apple-darwin16.7.0/4.9.4]
  collapse library dir [/usr/local/Cellar/gcc@4.9/4.9.4_1/lib/gcc/4.9/gcc/x86_64-apple-darwin16.7.0/4.9.4/../../..] ==> [/usr/local/Cellar/gcc@4.9/4.9.4_1/lib/gcc/4.9]
  collapse library dir [/usr/local/Cellar/gcc@4.9/4.9.4_1/lib/gcc/4.9/gcc/x86_64-apple-darwin16.7.0/4.9.4] ==> [/usr/local/Cellar/gcc@4.9/4.9.4_1/lib/gcc/4.9/gcc/x86_64-apple-darwin16.7.0/4.9.4]
  collapse library dir [/usr/local/Cellar/gcc@4.9/4.9.4_1/lib/gcc/4.9] ==> [/usr/local/Cellar/gcc@4.9/4.9.4_1/lib/gcc/4.9]
  collapse library dir [/usr/lib] ==> [/usr/lib]
  collapse library dir [/usr/local/lib] ==> [/usr/local/lib]
  collapse framework dir [/Library/Frameworks/] ==> [/Library/Frameworks]
  collapse framework dir [/System/Library/Frameworks/] ==> [/System/Library/Frameworks]
  implicit libs: [stdc++;gcc_ext.10.5;gcc]
  implicit dirs: [/usr/local/Cellar/gcc@4.9/4.9.4_1/lib/gcc/4.9/gcc/x86_64-apple-darwin16.7.0/4.9.4;/usr/local/Cellar/gcc@4.9/4.9.4_1/lib/gcc/4.9;/usr/lib;/usr/local/lib]
  implicit fwks: [/Library/Frameworks;/System/Library/Frameworks]




Detecting CXX [-std=c++14] compiler features compiled with the following output:
Change Dir: /Users/yangyichuan/Desktop/Parse/cmake-build-debug/CMakeFiles/CMakeTmp

Run Build Command:"/usr/bin/make" "cmTC_05a19/fast"
/Library/Developer/CommandLineTools/usr/bin/make -f CMakeFiles/cmTC_05a19.dir/build.make CMakeFiles/cmTC_05a19.dir/build
Building CXX object CMakeFiles/cmTC_05a19.dir/feature_tests.cxx.o
/usr/local/Cellar/gcc@4.9/4.9.4_1/bin/g++-4.9    -std=c++14 -o CMakeFiles/cmTC_05a19.dir/feature_tests.cxx.o -c /Users/yangyichuan/Desktop/Parse/cmake-build-debug/CMakeFiles/feature_tests.cxx
Linking CXX executable cmTC_05a19
/Applications/CLion.app/Contents/bin/cmake/bin/cmake -E cmake_link_script CMakeFiles/cmTC_05a19.dir/link.txt --verbose=1
/usr/local/Cellar/gcc@4.9/4.9.4_1/bin/g++-4.9    -Wl,-search_paths_first -Wl,-headerpad_max_install_names   CMakeFiles/cmTC_05a19.dir/feature_tests.cxx.o  -o cmTC_05a19 


    Feature record: CXX_FEATURE:0cxx_aggregate_default_initializers
    Feature record: CXX_FEATURE:1cxx_alias_templates
    Feature record: CXX_FEATURE:1cxx_alignas
    Feature record: CXX_FEATURE:1cxx_alignof
    Feature record: CXX_FEATURE:1cxx_attributes
    Feature record: CXX_FEATURE:1cxx_attribute_deprecated
    Feature record: CXX_FEATURE:1cxx_auto_type
    Feature record: CXX_FEATURE:1cxx_binary_literals
    Feature record: CXX_FEATURE:1cxx_constexpr
    Feature record: CXX_FEATURE:1cxx_contextual_conversions
    Feature record: CXX_FEATURE:1cxx_decltype
    Feature record: CXX_FEATURE:1cxx_decltype_auto
    Feature record: CXX_FEATURE:1cxx_decltype_incomplete_return_types
    Feature record: CXX_FEATURE:1cxx_default_function_template_args
    Feature record: CXX_FEATURE:1cxx_defaulted_functions
    Feature record: CXX_FEATURE:1cxx_defaulted_move_initializers
    Feature record: CXX_FEATURE:1cxx_delegating_constructors
    Feature record: CXX_FEATURE:1cxx_deleted_functions
    Feature record: CXX_FEATURE:1cxx_digit_separators
    Feature record: CXX_FEATURE:1cxx_enum_forward_declarations
    Feature record: CXX_FEATURE:1cxx_explicit_conversions
    Feature record: CXX_FEATURE:1cxx_extended_friend_declarations
    Feature record: CXX_FEATURE:1cxx_extern_templates
    Feature record: CXX_FEATURE:1cxx_final
    Feature record: CXX_FEATURE:1cxx_func_identifier
    Feature record: CXX_FEATURE:1cxx_generalized_initializers
    Feature record: CXX_FEATURE:1cxx_generic_lambdas
    Feature record: CXX_FEATURE:1cxx_inheriting_constructors
    Feature record: CXX_FEATURE:1cxx_inline_namespaces
    Feature record: CXX_FEATURE:1cxx_lambdas
    Feature record: CXX_FEATURE:1cxx_lambda_init_captures
    Feature record: CXX_FEATURE:1cxx_local_type_template_args
    Feature record: CXX_FEATURE:1cxx_long_long_type
    Feature record: CXX_FEATURE:1cxx_noexcept
    Feature record: CXX_FEATURE:1cxx_nonstatic_member_init
    Feature record: CXX_FEATURE:1cxx_nullptr
    Feature record: CXX_FEATURE:1cxx_override
    Feature record: CXX_FEATURE:1cxx_range_for
    Feature record: CXX_FEATURE:1cxx_raw_string_literals
    Feature record: CXX_FEATURE:1cxx_reference_qualified_functions
    Feature record: CXX_FEATURE:0cxx_relaxed_constexpr
    Feature record: CXX_FEATURE:1cxx_return_type_deduction
    Feature record: CXX_FEATURE:1cxx_right_angle_brackets
    Feature record: CXX_FEATURE:1cxx_rvalue_references
    Feature record: CXX_FEATURE:1cxx_sizeof_member
    Feature record: CXX_FEATURE:1cxx_static_assert
    Feature record: CXX_FEATURE:1cxx_strong_enums
    Feature record: CXX_FEATURE:1cxx_template_template_parameters
    Feature record: CXX_FEATURE:1cxx_thread_local
    Feature record: CXX_FEATURE:1cxx_trailing_return_types
    Feature record: CXX_FEATURE:1cxx_unicode_literals
    Feature record: CXX_FEATURE:1cxx_uniform_initialization
    Feature record: CXX_FEATURE:1cxx_unrestricted_unions
    Feature record: CXX_FEATURE:1cxx_user_literals
    Feature record: CXX_FEATURE:0cxx_variable_templates
    Feature record: CXX_FEATURE:1cxx_variadic_macros
    Feature record: CXX_FEATURE:1cxx_variadic_templates


Detecting CXX [-std=c++11] compiler features compiled with the following output:
Change Dir: /Users/yangyichuan/Desktop/Parse/cmake-build-debug/CMakeFiles/CMakeTmp

Run Build Command:"/usr/bin/make" "cmTC_69914/fast"
/Library/Developer/CommandLineTools/usr/bin/make -f CMakeFiles/cmTC_69914.dir/build.make CMakeFiles/cmTC_69914.dir/build
Building CXX object CMakeFiles/cmTC_69914.dir/feature_tests.cxx.o
/usr/local/Cellar/gcc@4.9/4.9.4_1/bin/g++-4.9    -std=c++11 -o CMakeFiles/cmTC_69914.dir/feature_tests.cxx.o -c /Users/yangyichuan/Desktop/Parse/cmake-build-debug/CMakeFiles/feature_tests.cxx
Linking CXX executable cmTC_69914
/Applications/CLion.app/Contents/bin/cmake/bin/cmake -E cmake_link_script CMakeFiles/cmTC_69914.dir/link.txt --verbose=1
/usr/local/Cellar/gcc@4.9/4.9.4_1/bin/g++-4.9    -Wl,-search_paths_first -Wl,-headerpad_max_install_names   CMakeFiles/cmTC_69914.dir/feature_tests.cxx.o  -o cmTC_69914 


    Feature record: CXX_FEATURE:0cxx_aggregate_default_initializers
    Feature record: CXX_FEATURE:1cxx_alias_templates
    Feature record: CXX_FEATURE:1cxx_alignas
    Feature record: CXX_FEATURE:1cxx_alignof
    Feature record: CXX_FEATURE:1cxx_attributes
    Feature record: CXX_FEATURE:0cxx_attribute_deprecated
    Feature record: CXX_FEATURE:1cxx_auto_type
    Feature record: CXX_FEATURE:0cxx_binary_literals
    Feature record: CXX_FEATURE:1cxx_constexpr
    Feature record: CXX_FEATURE:0cxx_contextual_conversions
    Feature record: CXX_FEATURE:1cxx_decltype
    Feature record: CXX_FEATURE:0cxx_decltype_auto
    Feature record: CXX_FEATURE:1cxx_decltype_incomplete_return_types
    Feature record: CXX_FEATURE:1cxx_default_function_template_args
    Feature record: CXX_FEATURE:1cxx_defaulted_functions
    Feature record: CXX_FEATURE:1cxx_defaulted_move_initializers
    Feature record: CXX_FEATURE:1cxx_delegating_constructors
    Feature record: CXX_FEATURE:1cxx_deleted_functions
    Feature record: CXX_FEATURE:0cxx_digit_separators
    Feature record: CXX_FEATURE:1cxx_enum_forward_declarations
    Feature record: CXX_FEATURE:1cxx_explicit_conversions
    Feature record: CXX_FEATURE:1cxx_extended_friend_declarations
    Feature record: CXX_FEATURE:1cxx_extern_templates
    Feature record: CXX_FEATURE:1cxx_final
    Feature record: CXX_FEATURE:1cxx_func_identifier
    Feature record: CXX_FEATURE:1cxx_generalized_initializers
    Feature record: CXX_FEATURE:0cxx_generic_lambdas
    Feature record: CXX_FEATURE:1cxx_inheriting_constructors
    Feature record: CXX_FEATURE:1cxx_inline_namespaces
    Feature record: CXX_FEATURE:1cxx_lambdas
    Feature record: CXX_FEATURE:0cxx_lambda_init_captures
    Feature record: CXX_FEATURE:1cxx_local_type_template_args
    Feature record: CXX_FEATURE:1cxx_long_long_type
    Feature record: CXX_FEATURE:1cxx_noexcept
    Feature record: CXX_FEATURE:1cxx_nonstatic_member_init
    Feature record: CXX_FEATURE:1cxx_nullptr
    Feature record: CXX_FEATURE:1cxx_override
    Feature record: CXX_FEATURE:1cxx_range_for
    Feature record: CXX_FEATURE:1cxx_raw_string_literals
    Feature record: CXX_FEATURE:1cxx_reference_qualified_functions
    Feature record: CXX_FEATURE:0cxx_relaxed_constexpr
    Feature record: CXX_FEATURE:0cxx_return_type_deduction
    Feature record: CXX_FEATURE:1cxx_right_angle_brackets
    Feature record: CXX_FEATURE:1cxx_rvalue_references
    Feature record: CXX_FEATURE:1cxx_sizeof_member
    Feature record: CXX_FEATURE:1cxx_static_assert
    Feature record: CXX_FEATURE:1cxx_strong_enums
    Feature record: CXX_FEATURE:1cxx_template_template_parameters
    Feature record: CXX_FEATURE:1cxx_thread_local
    Feature record: CXX_FEATURE:1cxx_trailing_return_types
    Feature record: CXX_FEATURE:1cxx_unicode_literals
    Feature record: CXX_FEATURE:1cxx_uniform_initialization
    Feature record: CXX_FEATURE:1cxx_unrestricted_unions
    Feature record: CXX_FEATURE:1cxx_user_literals
    Feature record: CXX_FEATURE:0cxx_variable_templates
    Feature record: CXX_FEATURE:1cxx_variadic_macros
    Feature record: CXX_FEATURE:1cxx_variadic_templates


Detecting CXX [-std=c++98] compiler features compiled with the following output:
Change Dir: /Users/yangyichuan/Desktop/Parse/cmake-build-debug/CMakeFiles/CMakeTmp

Run Build Command:"/usr/bin/make" "cmTC_c0055/fast"
/Library/Developer/CommandLineTools/usr/bin/make -f CMakeFiles/cmTC_c0055.dir/build.make CMakeFiles/cmTC_c0055.dir/build
Building CXX object CMakeFiles/cmTC_c0055.dir/feature_tests.cxx.o
/usr/local/Cellar/gcc@4.9/4.9.4_1/bin/g++-4.9    -std=c++98 -o CMakeFiles/cmTC_c0055.dir/feature_tests.cxx.o -c /Users/yangyichuan/Desktop/Parse/cmake-build-debug/CMakeFiles/feature_tests.cxx
Linking CXX executable cmTC_c0055
/Applications/CLion.app/Contents/bin/cmake/bin/cmake -E cmake_link_script CMakeFiles/cmTC_c0055.dir/link.txt --verbose=1
/usr/local/Cellar/gcc@4.9/4.9.4_1/bin/g++-4.9    -Wl,-search_paths_first -Wl,-headerpad_max_install_names   CMakeFiles/cmTC_c0055.dir/feature_tests.cxx.o  -o cmTC_c0055 


    Feature record: CXX_FEATURE:0cxx_aggregate_default_initializers
    Feature record: CXX_FEATURE:0cxx_alias_templates
    Feature record: CXX_FEATURE:0cxx_alignas
    Feature record: CXX_FEATURE:0cxx_alignof
    Feature record: CXX_FEATURE:0cxx_attributes
    Feature record: CXX_FEATURE:0cxx_attribute_deprecated
    Feature record: CXX_FEATURE:0cxx_auto_type
    Feature record: CXX_FEATURE:0cxx_binary_literals
    Feature record: CXX_FEATURE:0cxx_constexpr
    Feature record: CXX_FEATURE:0cxx_contextual_conversions
    Feature record: CXX_FEATURE:0cxx_decltype
    Feature record: CXX_FEATURE:0cxx_decltype_auto
    Feature record: CXX_FEATURE:0cxx_decltype_incomplete_return_types
    Feature record: CXX_FEATURE:0cxx_default_function_template_args
    Feature record: CXX_FEATURE:0cxx_defaulted_functions
    Feature record: CXX_FEATURE:0cxx_defaulted_move_initializers
    Feature record: CXX_FEATURE:0cxx_delegating_constructors
    Feature record: CXX_FEATURE:0cxx_deleted_functions
    Feature record: CXX_FEATURE:0cxx_digit_separators
    Feature record: CXX_FEATURE:0cxx_enum_forward_declarations
    Feature record: CXX_FEATURE:0cxx_explicit_conversions
    Feature record: CXX_FEATURE:0cxx_extended_friend_declarations
    Feature record: CXX_FEATURE:0cxx_extern_templates
    Feature record: CXX_FEATURE:0cxx_final
    Feature record: CXX_FEATURE:0cxx_func_identifier
    Feature record: CXX_FEATURE:0cxx_generalized_initializers
    Feature record: CXX_FEATURE:0cxx_generic_lambdas
    Feature record: CXX_FEATURE:0cxx_inheriting_constructors
    Feature record: CXX_FEATURE:0cxx_inline_namespaces
    Feature record: CXX_FEATURE:0cxx_lambdas
    Feature record: CXX_FEATURE:0cxx_lambda_init_captures
    Feature record: CXX_FEATURE:0cxx_local_type_template_args
    Feature record: CXX_FEATURE:0cxx_long_long_type
    Feature record: CXX_FEATURE:0cxx_noexcept
    Feature record: CXX_FEATURE:0cxx_nonstatic_member_init
    Feature record: CXX_FEATURE:0cxx_nullptr
    Feature record: CXX_FEATURE:0cxx_override
    Feature record: CXX_FEATURE:0cxx_range_for
    Feature record: CXX_FEATURE:0cxx_raw_string_literals
    Feature record: CXX_FEATURE:0cxx_reference_qualified_functions
    Feature record: CXX_FEATURE:0cxx_relaxed_constexpr
    Feature record: CXX_FEATURE:0cxx_return_type_deduction
    Feature record: CXX_FEATURE:0cxx_right_angle_brackets
    Feature record: CXX_FEATURE:0cxx_rvalue_references
    Feature record: CXX_FEATURE:0cxx_sizeof_member
    Feature record: CXX_FEATURE:0cxx_static_assert
    Feature record: CXX_FEATURE:0cxx_strong_enums
    Feature record: CXX_FEATURE:1cxx_template_template_parameters
    Feature record: CXX_FEATURE:0cxx_thread_local
    Feature record: CXX_FEATURE:0cxx_trailing_return_types
    Feature record: CXX_FEATURE:0cxx_unicode_literals
    Feature record: CXX_FEATURE:0cxx_uniform_initialization
    Feature record: CXX_FEATURE:0cxx_unrestricted_unions
    Feature record: CXX_FEATURE:0cxx_user_literals
    Feature record: CXX_FEATURE:0cxx_variable_templates
    Feature record: CXX_FEATURE:0cxx_variadic_macros
    Feature record: CXX_FEATURE:0cxx_variadic_templates
Determining if the include file pthread.h exists passed with the following output:
Change Dir: /Users/yangyichuan/Desktop/Parse/cmake-build-debug/CMakeFiles/CMakeTmp

Run Build Command:"/usr/bin/make" "cmTC_6f6f1/fast"
/Library/Developer/CommandLineTools/usr/bin/make -f CMakeFiles/cmTC_6f6f1.dir/build.make CMakeFiles/cmTC_6f6f1.dir/build
Building C object CMakeFiles/cmTC_6f6f1.dir/CheckIncludeFile.c.o
/usr/local/Cellar/gcc@4.9/4.9.4_1/bin/gcc-4.9    -o CMakeFiles/cmTC_6f6f1.dir/CheckIncludeFile.c.o   -c /Users/yangyichuan/Desktop/Parse/cmake-build-debug/CMakeFiles/CMakeTmp/CheckIncludeFile.c
Linking C executable cmTC_6f6f1
/Applications/CLion.app/Contents/bin/cmake/bin/cmake -E cmake_link_script CMakeFiles/cmTC_6f6f1.dir/link.txt --verbose=1
/usr/local/Cellar/gcc@4.9/4.9.4_1/bin/gcc-4.9   -Wl,-search_paths_first -Wl,-headerpad_max_install_names   CMakeFiles/cmTC_6f6f1.dir/CheckIncludeFile.c.o  -o cmTC_6f6f1 


Determining if the pthread_create exist passed with the following output:
Change Dir: /Users/yangyichuan/Desktop/Parse/cmake-build-debug/CMakeFiles/CMakeTmp

Run Build Command:"/usr/bin/make" "cmTC_bdbb0/fast"
/Library/Developer/CommandLineTools/usr/bin/make -f CMakeFiles/cmTC_bdbb0.dir/build.make CMakeFiles/cmTC_bdbb0.dir/build
Building C object CMakeFiles/cmTC_bdbb0.dir/CheckSymbolExists.c.o
/usr/local/Cellar/gcc@4.9/4.9.4_1/bin/gcc-4.9    -o CMakeFiles/cmTC_bdbb0.dir/CheckSymbolExists.c.o   -c /Users/yangyichuan/Desktop/Parse/cmake-build-debug/CMakeFiles/CMakeTmp/CheckSymbolExists.c
Linking C executable cmTC_bdbb0
/Applications/CLion.app/Contents/bin/cmake/bin/cmake -E cmake_link_script CMakeFiles/cmTC_bdbb0.dir/link.txt --verbose=1
/usr/local/Cellar/gcc@4.9/4.9.4_1/bin/gcc-4.9   -Wl,-search_paths_first -Wl,-headerpad_max_install_names   CMakeFiles/cmTC_bdbb0.dir/CheckSymbolExists.c.o  -o cmTC_bdbb0 

File /Users/yangyichuan/Desktop/Parse/cmake-build-debug/CMakeFiles/CMakeTmp/CheckSymbolExists.c:
/* */
#include <pthread.h>

int main(int argc, char** argv)
{
  (void)argv;
#ifndef pthread_create
  return ((int*)(&pthread_create))[argc];
#else
  (void)argc;
  return 0;
#endif
}

